c:\users\huijun lin\documents\visual studio 2013\projects\remotecodemanagementfacility\mockchannel\debug\vc120.pdb
c:\users\huijun lin\documents\visual studio 2013\projects\remotecodemanagementfacility\mockchannel\debug\vc120.idb
c:\users\huijun lin\documents\visual studio 2013\projects\remotecodemanagementfacility\mockchannel\debug\filesystem.obj
c:\users\huijun lin\documents\visual studio 2013\projects\remotecodemanagementfacility\mockchannel\debug\message.obj
c:\users\huijun lin\documents\visual studio 2013\projects\remotecodemanagementfacility\mockchannel\debug\apphelpers.obj
c:\users\huijun lin\documents\visual studio 2013\projects\remotecodemanagementfacility\mockchannel\debug\sockets.obj
c:\users\huijun lin\documents\visual studio 2013\projects\remotecodemanagementfacility\mockchannel\debug\windowshelpers.obj
c:\users\huijun lin\documents\visual studio 2013\projects\remotecodemanagementfacility\mockchannel\debug\cpp11-blockingqueue.obj
c:\users\huijun lin\documents\visual studio 2013\projects\remotecodemanagementfacility\mockchannel\debug\clientmockchannel.obj
c:\users\huijun lin\documents\visual studio 2013\projects\remotecodemanagementfacility\debug\clientmockchannel.lib
c:\users\huijun lin\documents\visual studio 2013\projects\remotecodemanagementfacility\debug\clientmockchannel.exp
c:\users\huijun lin\documents\visual studio 2013\projects\remotecodemanagementfacility\debug\clientmockchannel.ilk
c:\users\huijun lin\documents\visual studio 2013\projects\remotecodemanagementfacility\debug\clientmockchannel.dll
c:\users\huijun lin\documents\visual studio 2013\projects\remotecodemanagementfacility\debug\clientmockchannel.pdb
c:\users\huijun lin\documents\visual studio 2013\projects\remotecodemanagementfacility\mockchannel\debug\clientmo.8a5b596c.tlog\cl.command.1.tlog
c:\users\huijun lin\documents\visual studio 2013\projects\remotecodemanagementfacility\mockchannel\debug\clientmo.8a5b596c.tlog\cl.read.1.tlog
c:\users\huijun lin\documents\visual studio 2013\projects\remotecodemanagementfacility\mockchannel\debug\clientmo.8a5b596c.tlog\cl.write.1.tlog
c:\users\huijun lin\documents\visual studio 2013\projects\remotecodemanagementfacility\mockchannel\debug\clientmo.8a5b596c.tlog\clientmockchannel.write.1u.tlog
c:\users\huijun lin\documents\visual studio 2013\projects\remotecodemanagementfacility\mockchannel\debug\clientmo.8a5b596c.tlog\link.command.1.tlog
c:\users\huijun lin\documents\visual studio 2013\projects\remotecodemanagementfacility\mockchannel\debug\clientmo.8a5b596c.tlog\link.read.1.tlog
c:\users\huijun lin\documents\visual studio 2013\projects\remotecodemanagementfacility\mockchannel\debug\clientmo.8a5b596c.tlog\link.write.1.tlog
