c:\users\huijun lin\documents\visual studio 2013\projects\remotecodemanagementfacility\mockchannel\debug\vc120.pdb
c:\users\huijun lin\documents\visual studio 2013\projects\remotecodemanagementfacility\mockchannel\debug\vc120.idb
c:\users\huijun lin\documents\visual studio 2013\projects\remotecodemanagementfacility\mockchannel\debug\cpp11-blockingqueue.obj
c:\users\huijun lin\documents\visual studio 2013\projects\remotecodemanagementfacility\mockchannel\debug\mockchannel.obj
c:\users\huijun lin\documents\visual studio 2013\projects\remotecodemanagementfacility\mockchannel\debug\filesystem.obj
c:\users\huijun lin\documents\visual studio 2013\projects\remotecodemanagementfacility\mockchannel\debug\message.obj
c:\users\huijun lin\documents\visual studio 2013\projects\remotecodemanagementfacility\mockchannel\debug\apphelpers.obj
c:\users\huijun lin\documents\visual studio 2013\projects\remotecodemanagementfacility\mockchannel\debug\sockets.obj
c:\users\huijun lin\documents\visual studio 2013\projects\remotecodemanagementfacility\mockchannel\debug\windowshelpers.obj
c:\users\huijun lin\documents\visual studio 2013\projects\remotecodemanagementfacility\debug\mockchannel.ilk
c:\users\huijun lin\documents\visual studio 2013\projects\remotecodemanagementfacility\debug\mockchannel.dll
c:\users\huijun lin\documents\visual studio 2013\projects\remotecodemanagementfacility\debug\mockchannel.pdb
c:\users\huijun lin\documents\visual studio 2013\projects\remotecodemanagementfacility\debug\mockchannel.lib
c:\users\huijun lin\documents\visual studio 2013\projects\remotecodemanagementfacility\debug\mockchannel.exp
c:\users\huijun lin\documents\visual studio 2013\projects\remotecodemanagementfacility\mockchannel\debug\mockchannel.tlog\cl.command.1.tlog
c:\users\huijun lin\documents\visual studio 2013\projects\remotecodemanagementfacility\mockchannel\debug\mockchannel.tlog\cl.read.1.tlog
c:\users\huijun lin\documents\visual studio 2013\projects\remotecodemanagementfacility\mockchannel\debug\mockchannel.tlog\cl.write.1.tlog
c:\users\huijun lin\documents\visual studio 2013\projects\remotecodemanagementfacility\mockchannel\debug\mockchannel.tlog\link.command.1.tlog
c:\users\huijun lin\documents\visual studio 2013\projects\remotecodemanagementfacility\mockchannel\debug\mockchannel.tlog\link.read.1.tlog
c:\users\huijun lin\documents\visual studio 2013\projects\remotecodemanagementfacility\mockchannel\debug\mockchannel.tlog\link.write.1.tlog
c:\users\huijun lin\documents\visual studio 2013\projects\remotecodemanagementfacility\mockchannel\debug\mockchannel.tlog\mockchannel.write.1u.tlog
