Build started 3/13/2016 10:42:02 PM.
     1>Project "C:\Users\Huijun Lin\Documents\Visual Studio 2013\Projects\RemoteCodeManagementFacility\MockChannel\MockChannel.vcxproj" on node 2 (Build target(s)).
     1>C:\Program Files (x86)\MSBuild\Microsoft.Cpp\v4.0\V120\Microsoft.CppBuild.targets(388,5): warning MSB8028: The intermediate directory (Debug\) contains files shared from another project (MockChannel.vcxproj).  This can lead to incorrect clean and rebuild behavior.
     1>ClCompile:
         C:\Program Files (x86)\Microsoft Visual Studio 12.0\VC\bin\CL.exe /c /ZI /nologo /W3 /WX- /sdl /Od /Oy- /D WIN32 /D _DEBUG /D _CONSOLE /D _LIB /D _WINDLL /D _UNICODE /D UNICODE /Gm /EHsc /RTC1 /MDd /GS /fp:precise /Zc:wchar_t /Zc:forScope /Fo"Debug\\" /Fd"Debug\vc120.pdb" /Gd /TP /analyze- /errorReport:prompt "..\FileSystem-Windows\FileSystemDemo\FileSystem.cpp" ..\Message\Message.cpp ..\Sockets\ApplicationHelpers\AppHelpers.cpp ..\Sockets\Sockets\Sockets.cpp ..\Sockets\WindowsHelpers\WindowsHelpers.cpp "Cpp11-BlockingQueue.cpp" ClientMockChannel.cpp
         ClientMockChannel.cpp
     1>c:\users\huijun lin\documents\visual studio 2013\projects\remotecodemanagementfacility\mockchannel\clientmockchannel.cpp(315): warning C4244: 'argument' : conversion from '__int64' to 'long', possible loss of data
     1>c:\users\huijun lin\documents\visual studio 2013\projects\remotecodemanagementfacility\mockchannel\clientmockchannel.cpp(353): warning C4244: 'argument' : conversion from '__int64' to 'long', possible loss of data
     1>c:\users\huijun lin\documents\visual studio 2013\projects\remotecodemanagementfacility\mockchannel\clientmockchannel.cpp(388): warning C4244: 'argument' : conversion from '__int64' to 'long', possible loss of data
     1>c:\users\huijun lin\documents\visual studio 2013\projects\remotecodemanagementfacility\mockchannel\clientmockchannel.cpp(424): warning C4018: '<' : signed/unsigned mismatch
     1>c:\users\huijun lin\documents\visual studio 2013\projects\remotecodemanagementfacility\mockchannel\clientmockchannel.cpp(437): warning C4244: 'argument' : conversion from '__int64' to 'long', possible loss of data
     1>c:\users\huijun lin\documents\visual studio 2013\projects\remotecodemanagementfacility\mockchannel\clientmockchannel.cpp(488): warning C4244: 'argument' : conversion from '__int64' to 'long', possible loss of data
         Cpp11-BlockingQueue.cpp
         WindowsHelpers.cpp
         Sockets.cpp
         AppHelpers.cpp
         Message.cpp
     1>c:\users\huijun lin\documents\visual studio 2013\projects\remotecodemanagementfacility\message\message.cpp(213): warning C4018: '<' : signed/unsigned mismatch
         FileSystem.cpp
         Generating Code...
       Link:
         C:\Program Files (x86)\Microsoft Visual Studio 12.0\VC\bin\link.exe /ERRORREPORT:PROMPT /OUT:"C:\Users\Huijun Lin\Documents\Visual Studio 2013\Projects\RemoteCodeManagementFacility\Debug\ClientMockChannel.dll" /INCREMENTAL /NOLOGO kernel32.lib user32.lib gdi32.lib winspool.lib comdlg32.lib advapi32.lib shell32.lib ole32.lib oleaut32.lib uuid.lib odbc32.lib odbccp32.lib /MANIFEST /MANIFESTUAC:"level='asInvoker' uiAccess='false'" /manifest:embed /DEBUG /PDB:"C:\Users\Huijun Lin\Documents\Visual Studio 2013\Projects\RemoteCodeManagementFacility\Debug\ClientMockChannel.pdb" /SUBSYSTEM:CONSOLE /TLBID:1 /DYNAMICBASE /NXCOMPAT /IMPLIB:"C:\Users\Huijun Lin\Documents\Visual Studio 2013\Projects\RemoteCodeManagementFacility\Debug\ClientMockChannel.lib" /MACHINE:X86 /DLL Debug\FileSystem.obj
         Debug\Message.obj
         Debug\AppHelpers.obj
         Debug\Sockets.obj
         Debug\WindowsHelpers.obj
         "Debug\Cpp11-BlockingQueue.obj"
         Debug\ClientMockChannel.obj
            Creating library C:\Users\Huijun Lin\Documents\Visual Studio 2013\Projects\RemoteCodeManagementFacility\Debug\ClientMockChannel.lib and object C:\Users\Huijun Lin\Documents\Visual Studio 2013\Projects\RemoteCodeManagementFacility\Debug\ClientMockChannel.exp
         MockChannel.vcxproj -> C:\Users\Huijun Lin\Documents\Visual Studio 2013\Projects\RemoteCodeManagementFacility\Debug\ClientMockChannel.dll
     1>Done Building Project "C:\Users\Huijun Lin\Documents\Visual Studio 2013\Projects\RemoteCodeManagementFacility\MockChannel\MockChannel.vcxproj" (Build target(s)).

Build succeeded.

Time Elapsed 00:00:15.49
