Build started 3/13/2016 10:42:06 PM.
     1>Project "C:\Users\Huijun Lin\Documents\Visual Studio 2013\Projects\RemoteCodeManagementFacility\ServerMockChannel\ServerMockChannel.vcxproj" on node 2 (Build target(s)).
     1>ClCompile:
         C:\Program Files (x86)\Microsoft Visual Studio 12.0\VC\bin\CL.exe /c /ZI /nologo /W3 /WX- /sdl /Od /Oy- /D _MBCS /Gm /EHsc /RTC1 /MDd /GS /fp:precise /Zc:wchar_t /Zc:forScope /Fo"Debug\\" /Fd"Debug\vc120.pdb" /Gd /TP /analyze- /errorReport:prompt ..\FileCataData\FileData.cpp ..\FIleMgr\FileMgr.cpp "..\FileSystem-Windows\FileSystemDemo\FileSystem.cpp" ..\Message\Message.cpp "..\MockChannel\Cpp11-BlockingQueue.cpp" ..\Sockets\ApplicationHelpers\AppHelpers.cpp ..\Sockets\Sockets\Sockets.cpp ..\Sockets\WindowsHelpers\WindowsHelpers.cpp ..\XmlElement\XmlElement.cpp ServerMockChannel.cpp
         ServerMockChannel.cpp
     1>c:\users\huijun lin\documents\visual studio 2013\projects\remotecodemanagementfacility\servermockchannel\servermockchannel.cpp(380): warning C4018: '<' : signed/unsigned mismatch
         XmlElement.cpp
         WindowsHelpers.cpp
         Sockets.cpp
         AppHelpers.cpp
         Cpp11-BlockingQueue.cpp
         Message.cpp
     1>c:\users\huijun lin\documents\visual studio 2013\projects\remotecodemanagementfacility\message\message.cpp(213): warning C4018: '<' : signed/unsigned mismatch
         FileSystem.cpp
         FileMgr.cpp
         FileData.cpp
         Generating Code...
       Link:
         C:\Program Files (x86)\Microsoft Visual Studio 12.0\VC\bin\link.exe /ERRORREPORT:PROMPT /OUT:"C:\Users\Huijun Lin\Documents\Visual Studio 2013\Projects\RemoteCodeManagementFacility\Debug\ServerMockChannel.exe" /INCREMENTAL /NOLOGO kernel32.lib user32.lib gdi32.lib winspool.lib comdlg32.lib advapi32.lib shell32.lib ole32.lib oleaut32.lib uuid.lib odbc32.lib odbccp32.lib /MANIFEST /MANIFESTUAC:"level='asInvoker' uiAccess='false'" /manifest:embed /DEBUG /PDB:"C:\Users\Huijun Lin\Documents\Visual Studio 2013\Projects\RemoteCodeManagementFacility\Debug\ServerMockChannel.pdb" /TLBID:1 /DYNAMICBASE /NXCOMPAT /IMPLIB:"C:\Users\Huijun Lin\Documents\Visual Studio 2013\Projects\RemoteCodeManagementFacility\Debug\ServerMockChannel.lib" /MACHINE:X86 Debug\FileData.obj
         Debug\FileMgr.obj
         Debug\FileSystem.obj
         Debug\Message.obj
         "Debug\Cpp11-BlockingQueue.obj"
         Debug\AppHelpers.obj
         Debug\Sockets.obj
         Debug\WindowsHelpers.obj
         Debug\XmlElement.obj
         Debug\ServerMockChannel.obj
            Creating library C:\Users\Huijun Lin\Documents\Visual Studio 2013\Projects\RemoteCodeManagementFacility\Debug\ServerMockChannel.lib and object C:\Users\Huijun Lin\Documents\Visual Studio 2013\Projects\RemoteCodeManagementFacility\Debug\ServerMockChannel.exp
         ServerMockChannel.vcxproj -> C:\Users\Huijun Lin\Documents\Visual Studio 2013\Projects\RemoteCodeManagementFacility\Debug\ServerMockChannel.exe
     1>Done Building Project "C:\Users\Huijun Lin\Documents\Visual Studio 2013\Projects\RemoteCodeManagementFacility\ServerMockChannel\ServerMockChannel.vcxproj" (Build target(s)).

Build succeeded.

Time Elapsed 00:00:12.13
