c:\users\huijun lin\documents\visual studio 2013\projects\remotecodemanagementfacility\servermockchannel\debug\vc120.pdb
c:\users\huijun lin\documents\visual studio 2013\projects\remotecodemanagementfacility\servermockchannel\debug\vc120.idb
c:\users\huijun lin\documents\visual studio 2013\projects\remotecodemanagementfacility\servermockchannel\debug\filedata.obj
c:\users\huijun lin\documents\visual studio 2013\projects\remotecodemanagementfacility\servermockchannel\debug\filemgr.obj
c:\users\huijun lin\documents\visual studio 2013\projects\remotecodemanagementfacility\servermockchannel\debug\filesystem.obj
c:\users\huijun lin\documents\visual studio 2013\projects\remotecodemanagementfacility\servermockchannel\debug\message.obj
c:\users\huijun lin\documents\visual studio 2013\projects\remotecodemanagementfacility\servermockchannel\debug\cpp11-blockingqueue.obj
c:\users\huijun lin\documents\visual studio 2013\projects\remotecodemanagementfacility\servermockchannel\debug\apphelpers.obj
c:\users\huijun lin\documents\visual studio 2013\projects\remotecodemanagementfacility\servermockchannel\debug\sockets.obj
c:\users\huijun lin\documents\visual studio 2013\projects\remotecodemanagementfacility\servermockchannel\debug\windowshelpers.obj
c:\users\huijun lin\documents\visual studio 2013\projects\remotecodemanagementfacility\servermockchannel\debug\xmlelement.obj
c:\users\huijun lin\documents\visual studio 2013\projects\remotecodemanagementfacility\servermockchannel\debug\servermockchannel.obj
c:\users\huijun lin\documents\visual studio 2013\projects\remotecodemanagementfacility\debug\servermockchannel.ilk
c:\users\huijun lin\documents\visual studio 2013\projects\remotecodemanagementfacility\debug\servermockchannel.exe
c:\users\huijun lin\documents\visual studio 2013\projects\remotecodemanagementfacility\debug\servermockchannel.pdb
c:\users\huijun lin\documents\visual studio 2013\projects\remotecodemanagementfacility\debug\servermockchannel.lib
c:\users\huijun lin\documents\visual studio 2013\projects\remotecodemanagementfacility\debug\servermockchannel.exp
c:\users\huijun lin\documents\visual studio 2013\projects\remotecodemanagementfacility\servermockchannel\debug\servermo.3d17f853.tlog\cl.command.1.tlog
c:\users\huijun lin\documents\visual studio 2013\projects\remotecodemanagementfacility\servermockchannel\debug\servermo.3d17f853.tlog\cl.read.1.tlog
c:\users\huijun lin\documents\visual studio 2013\projects\remotecodemanagementfacility\servermockchannel\debug\servermo.3d17f853.tlog\cl.write.1.tlog
c:\users\huijun lin\documents\visual studio 2013\projects\remotecodemanagementfacility\servermockchannel\debug\servermo.3d17f853.tlog\link.command.1.tlog
c:\users\huijun lin\documents\visual studio 2013\projects\remotecodemanagementfacility\servermockchannel\debug\servermo.3d17f853.tlog\link.read.1.tlog
c:\users\huijun lin\documents\visual studio 2013\projects\remotecodemanagementfacility\servermockchannel\debug\servermo.3d17f853.tlog\link.write.1.tlog
c:\users\huijun lin\documents\visual studio 2013\projects\remotecodemanagementfacility\servermockchannel\debug\servermo.3d17f853.tlog\servermockchannel.write.1u.tlog
